<?xml version="1.0" encoding="UTF-8"?>
<testsuite xmlns:xsi="http://www.w3.org/2001/XMLSchema-instance" xsi:noNamespaceSchemaLocation="https://maven.apache.org/surefire/maven-surefire-plugin/xsd/surefire-test-report.xsd" version="3.0.2" name="com.challenger.users.UsersApplicationTests" time="0.067" tests="1" errors="0" skipped="0" failures="0">
  <properties>
[...]
</properties>
  <testcase name="contextLoads" classname="com.challenger.users.UsersApplicationTests" time="0.018">
    <system-out><![CDATA[2025-04-23T15:22:11.059-03:00  INFO 520400 --- [           main] t.c.s.AnnotationConfigContextLoaderUtils : Could not detect default configuration classes for test class [com.challenger.users.UsersApplicationTests]: UsersApplicationTests does not declare any static, non-private, non-final, nested classes annotated with @Configuration.
2025-04-23T15:22:11.093-03:00  INFO 520400 --- [           main] .b.t.c.SpringBootTestContextBootstrapper : Found @SpringBootConfiguration com.challenger.users.UsersApplication for test class com.challenger.users.UsersApplicationTests
]]></system-out>
  </testcase>
</testsuite>